0 info it worked if it ends with ok
1 verbose cli [ 'C:\\Program Files\\nodejs\\node.exe',
1 verbose cli   'C:\\Program Files\\nodejs\\node_modules\\npm\\bin\\npm-cli.js',
1 verbose cli   'version',
1 verbose cli   'major',
1 verbose cli   '-m',
1 verbose cli   'Refactoring' ]
2 info using npm@3.10.3
3 info using node@v6.5.0
4 info git [ 'status', '--porcelain' ]
5 verbose stack Error: Git working directory not clean.
5 verbose stack A  .idea/jsLibraryMappings.xml
5 verbose stack A  .idea/markdown-navigator.xml
5 verbose stack A  .idea/vcs.xml
5 verbose stack M CHANGELOG.md
5 verbose stack M examples/bestiary.js
5 verbose stack AM examples/boss.js
5 verbose stack AM examples/clan.js
5 verbose stack AM examples/distraction.js
5 verbose stack M examples/grandexchange.js
5 verbose stack RM examples/hiscores.js -> examples/player.js
5 verbose stack M lib/api.js
5 verbose stack AM lib/apis/boss.js
5 verbose stack AM lib/apis/boss/araxxor.js
5 verbose stack AM lib/apis/boss/rots.js
5 verbose stack AM lib/apis/boss/vorago.js
5 verbose stack AM lib/apis/clan.js
5 verbose stack AM lib/apis/distraction.js
5 verbose stack AM lib/apis/distraction/spotlight.js
5 verbose stack M lib/apis/grandexchange.js
5 verbose stack RM lib/apis/hiscores.js -> lib/apis/player.js
5 verbose stack AM lib/apis/player/events.js
5 verbose stack AM lib/apis/player/hiscores.js
5 verbose stack M lib/configs/osrs.json
5 verbose stack M lib/configs/rs.json
5 verbose stack M lib/util/request.js
5 verbose stack M package.json
5 verbose stack RM test/hiscores.js -> test/player.js
5 verbose stack     at C:\Program Files\nodejs\node_modules\npm\lib\version.js:247:19
5 verbose stack     at C:\Program Files\nodejs\node_modules\npm\lib\utils\no-progress-while-running.js:21:8
5 verbose stack     at ChildProcess.exithandler (child_process.js:197:7)
5 verbose stack     at emitTwo (events.js:106:13)
5 verbose stack     at ChildProcess.emit (events.js:191:7)
5 verbose stack     at maybeClose (internal/child_process.js:877:16)
5 verbose stack     at Socket.<anonymous> (internal/child_process.js:334:11)
5 verbose stack     at emitOne (events.js:96:13)
5 verbose stack     at Socket.emit (events.js:188:7)
5 verbose stack     at Pipe._handle.close [as _onclose] (net.js:493:12)
6 verbose cwd C:\Users\Alex\Documents\Projects\GitHub\rs-api\examples
7 error Windows_NT 10.0.14393
8 error argv "C:\\Program Files\\nodejs\\node.exe" "C:\\Program Files\\nodejs\\node_modules\\npm\\bin\\npm-cli.js" "version" "major" "-m" "Refactoring"
9 error node v6.5.0
10 error npm  v3.10.3
11 error Git working directory not clean.
11 error A  .idea/jsLibraryMappings.xml
11 error A  .idea/markdown-navigator.xml
11 error A  .idea/vcs.xml
11 error M CHANGELOG.md
11 error M examples/bestiary.js
11 error AM examples/boss.js
11 error AM examples/clan.js
11 error AM examples/distraction.js
11 error M examples/grandexchange.js
11 error RM examples/hiscores.js -> examples/player.js
11 error M lib/api.js
11 error AM lib/apis/boss.js
11 error AM lib/apis/boss/araxxor.js
11 error AM lib/apis/boss/rots.js
11 error AM lib/apis/boss/vorago.js
11 error AM lib/apis/clan.js
11 error AM lib/apis/distraction.js
11 error AM lib/apis/distraction/spotlight.js
11 error M lib/apis/grandexchange.js
11 error RM lib/apis/hiscores.js -> lib/apis/player.js
11 error AM lib/apis/player/events.js
11 error AM lib/apis/player/hiscores.js
11 error M lib/configs/osrs.json
11 error M lib/configs/rs.json
11 error M lib/util/request.js
11 error M package.json
11 error RM test/hiscores.js -> test/player.js
12 error If you need help, you may report this error at:
12 error     <https://github.com/npm/npm/issues>
13 verbose exit [ 1, true ]
